<?xml version="1.0" encoding="UTF-8"?>
<!-- Generated by org.testng.reporters.JUnitReportReporter -->
<testsuite skipped="0" hostname="QAPPS02" name="com.Parameterization_in_TestNG_Using_XML.Demo_Parameterization_ByUsing_XML" tests="1" failures="0" timestamp="03 Sep 2019 12:34:57 GMT" time="14.098" errors="0">
  <testcase name="Test3" time="14.098" classname="com.Parameterization_in_TestNG_Using_XML.Demo_Parameterization_ByUsing_XML"/>
</testsuite> <!-- com.Parameterization_in_TestNG_Using_XML.Demo_Parameterization_ByUsing_XML -->
